Arguments: 
  C:\Program Files\nodejs\node.exe C:\Users\Ranjan\AppData\Roaming\npm\node_modules\yarn\bin\yarn.js init

PATH: 
  C:\Program Files (x86)\Common Files\Oracle\Java\javapath;C:\Python39\Scripts\;C:\Python39\;C:\WINDOWS\system32;C:\WINDOWS;C:\WINDOWS\System32\Wbem;C:\WINDOWS\System32\WindowsPowerShell\v1.0\;C:\WINDOWS\System32\OpenSSH\;C:\ProgramData\chocolatey\bin;C:\Program Files\Git\cmd;C:\Program Files (x86)\AMD\ATI.ACE\Core-Static;C:\Program Files\Redis\;C:\Program Files\PostgreSQL\13\bin;C:\Program Files\mingw-w64\x86_64-8.1.0-posix-seh-rt_v6-rev0\mingw64\bin;C:\Program Files\CodeBlocks\MinGW\bin;C:\Users\Ranjan\AppData\Local\Android\Sdk\platform-tools;C:\Program Files\nodejs\;C:\Program Files\OpenJDK\openjdk-8u292-b10\bin;C:\Users\Ranjan\AppData\Local\Microsoft\WindowsApps;C:\Users\Ranjan\AppData\Local\Programs\Microsoft VS Code\bin;C:\Users\Ranjan\AppData\Local\hyper\app-3.0.2\resources\bin;C:\Program Files\JetBrains\PyCharm Community Edition 2020.3.2\bin;;C:\Program Files\heroku\bin;C:\Users\Ranjan\AppData\Local\Microsoft\WindowsApps;C:\Users\Ranjan\AppData\Roaming\npm

Yarn version: 
  1.22.10

Node version: 
  14.16.1

Platform: 
  win32 x64

Trace: 
  Error: canceled
      at Interface.<anonymous> (C:\Users\Ranjan\AppData\Roaming\npm\node_modules\yarn\lib\cli.js:136216:13)
      at Interface.emit (events.js:315:20)
      at Interface._ttyWrite (readline.js:875:16)
      at ReadStream.onkeypress (readline.js:213:10)
      at ReadStream.emit (events.js:315:20)
      at emitKeys (internal/readline/utils.js:345:14)
      at emitKeys.next (<anonymous>)
      at ReadStream.onData (readline.js:1144:36)
      at ReadStream.emit (events.js:315:20)
      at addChunk (internal/streams/readable.js:309:12)

npm manifest: 
  No manifest

yarn manifest: 
  No manifest

Lockfile: 
  No lockfile
